<?xml version="1.0" encoding="UTF-8"?>
<!-- Generated by org.testng.reporters.JUnitReportReporter -->
<testsuite hostname="Anant-PC" failures="0" tests="1" name="testCases.TC002_LoginTest" time="3.627" errors="0" timestamp="2024-12-06T13:22:17 IST" skipped="0">
  <testcase classname="testCases.TC002_LoginTest" name="verify_login" time="3.627"/>
</testsuite> <!-- testCases.TC002_LoginTest -->
